mode: set
myapp/app/app.go:11.59,22.2 5 0
myapp/main.go:18.13,19.48 1 0
myapp/main.go:19.48,20.64 1 0
myapp/main.go:22.2,42.55 11 0
myapp/main.go:42.55,44.10 2 0
myapp/main.go:44.10,46.4 1 0
myapp/main.go:47.3,49.30 3 0
myapp/main.go:52.2,52.40 1 0
myapp/main.go:52.40,54.3 1 0
myapp/main.go:56.2,58.31 2 0
myapp/config/config.go:26.13,41.2 13 0
myapp/config/config.go:43.16,51.37 3 0
myapp/config/config.go:51.37,53.17 2 0
myapp/config/config.go:53.17,56.4 2 0
myapp/config/config.go:59.2,59.48 1 0
myapp/config/config.go:62.49,63.48 1 0
myapp/config/config.go:63.48,65.3 1 0
myapp/config/config.go:66.2,66.20 1 0
myapp/config/config.go:66.20,68.3 1 0
myapp/config/config.go:69.2,69.11 1 0
myapp/config/postgres.go:14.29,17.16 3 0
myapp/config/postgres.go:17.16,19.3 1 0
myapp/config/postgres.go:22.2,23.16 2 0
myapp/config/postgres.go:23.16,25.3 1 0
myapp/config/postgres.go:27.2,27.12 1 0
myapp/config/postgres.go:31.41,37.16 4 0
myapp/config/postgres.go:37.16,39.3 1 0
myapp/config/postgres.go:41.2,41.16 1 0
myapp/config/postgres.go:45.26,46.15 1 0
myapp/config/postgres.go:46.15,48.3 1 0
myapp/config/postgres.go:52.29,54.2 1 0
myapp/handler/userHandler/userHandler.go:18.58,22.2 1 0
myapp/handler/userHandler/userHandler.go:24.59,28.57 3 0
myapp/handler/userHandler/userHandler.go:28.57,32.3 3 0
myapp/handler/userHandler/userHandler.go:34.2,35.16 2 0
myapp/handler/userHandler/userHandler.go:35.16,38.3 2 0
myapp/handler/userHandler/userHandler.go:40.2,41.40 2 0
myapp/handler/middlewares/log.go:8.38,13.2 1 0
myapp/handler/handler.go:11.11,15.2 1 0
myapp/routes/api.go:10.55,17.2 4 0
myapp/helpers/function.go:23.91,33.2 2 0
myapp/helpers/function.go:35.28,37.2 1 0
myapp/helpers/function.go:39.51,41.33 2 0
myapp/helpers/function.go:41.33,43.3 1 0
myapp/helpers/function.go:44.2,44.12 1 0
myapp/helpers/function.go:47.36,50.2 2 0
myapp/helpers/function.go:52.55,56.2 3 0
myapp/helpers/function.go:60.13,62.76 2 0
myapp/helpers/function.go:62.76,65.3 2 0
myapp/helpers/function.go:68.60,70.36 1 0
myapp/helpers/function.go:70.36,72.3 1 0
myapp/helpers/function.go:75.2,76.16 2 0
myapp/helpers/function.go:76.16,79.56 2 0
myapp/helpers/function.go:79.56,80.21 1 0
myapp/helpers/function.go:81.20,82.92 1 0
myapp/helpers/function.go:83.15,84.129 1 0
myapp/helpers/function.go:85.17,86.110 1 0
myapp/helpers/function.go:87.19,88.102 1 0
myapp/helpers/function.go:89.20,90.101 1 0
myapp/helpers/function.go:91.15,92.129 1 0
myapp/helpers/function.go:93.12,94.123 1 0
myapp/helpers/function.go:98.3,98.78 1 0
myapp/helpers/function.go:100.2,100.12 1 0
myapp/helpers/function.go:103.61,104.29 1 0
myapp/helpers/function.go:104.29,105.18 1 0
myapp/helpers/function.go:105.18,107.4 1 0
myapp/helpers/function.go:109.2,109.14 1 0
myapp/helpers/function.go:112.73,114.9 2 0
myapp/helpers/function.go:114.9,116.3 1 0
myapp/helpers/function.go:118.2,118.25 1 0
myapp/helpers/function.go:121.51,128.20 4 0
myapp/helpers/function.go:128.20,132.3 3 0
myapp/helpers/function.go:134.2,134.35 1 0
myapp/helpers/function.go:134.35,136.3 1 0
myapp/helpers/function.go:138.2,142.16 2 0
myapp/helpers/function.go:142.16,146.3 2 0
myapp/helpers/function.go:148.2,157.16 7 0
myapp/helpers/function.go:157.16,160.3 2 0
myapp/helpers/function.go:161.2,163.18 2 0
myapp/helpers/function.go:166.64,172.2 3 0
myapp/repository/userRepository/userRepository.go:14.67,18.2 1 0
myapp/repository/userRepository/userRepository.go:20.75,32.16 6 0
myapp/repository/userRepository/userRepository.go:32.16,35.3 2 0
myapp/repository/userRepository/userRepository.go:36.2,36.18 1 0
myapp/repository/repository.go:11.43,15.2 1 0
myapp/service/userService/userService.go:13.58,17.2 1 0
myapp/service/userService/userService.go:19.84,21.16 2 0
myapp/service/userService/userService.go:21.16,24.3 2 0
myapp/service/userService/userService.go:25.2,25.20 1 0
myapp/service/service.go:11.11,15.2 1 0
myapp/test/setupTest.go:22.35,27.16 3 0
myapp/test/setupTest.go:27.16,29.3 1 0
myapp/test/setupTest.go:32.2,32.38 1 0
myapp/test/setupTest.go:32.38,34.3 1 0
myapp/test/setupTest.go:36.2,36.48 1 0
myapp/test/setupTest.go:36.48,38.3 1 0
myapp/test/setupTest.go:41.2,41.46 1 0
myapp/test/setupTest.go:41.46,43.3 1 0
myapp/test/setupTest.go:45.2,45.12 1 0
myapp/test/setupTest.go:49.38,52.53 2 0
myapp/test/setupTest.go:52.53,54.3 1 0
myapp/test/setupTest.go:55.2,55.51 1 0
myapp/test/setupTest.go:55.51,57.3 1 0
myapp/test/setupTest.go:59.2,59.12 1 0
myapp/test/setupTest.go:62.40,64.16 2 0
myapp/test/setupTest.go:64.16,66.3 1 0
myapp/test/setupTest.go:68.2,69.16 2 0
myapp/test/setupTest.go:69.16,71.3 1 0
myapp/test/setupTest.go:73.2,73.12 1 0
myapp/test/setupTest.go:77.26,79.2 1 0
myapp/test/setupTest.go:82.39,88.2 5 0
myapp/test/setupTest.go:90.45,91.47 1 0
myapp/test/setupTest.go:91.47,93.3 1 0
myapp/test/setupTest.go:95.2,97.11 2 0
myapp/app/app.go:11.59,22.2 5 1
myapp/config/config.go:26.13,41.2 13 1
myapp/config/config.go:43.16,51.37 3 1
myapp/config/config.go:51.37,53.17 2 1
myapp/config/config.go:53.17,56.4 2 1
myapp/config/config.go:59.2,59.48 1 0
myapp/config/config.go:62.49,63.48 1 1
myapp/config/config.go:63.48,65.3 1 1
myapp/config/config.go:66.2,66.20 1 0
myapp/config/config.go:66.20,68.3 1 0
myapp/config/config.go:69.2,69.11 1 0
myapp/config/postgres.go:14.29,17.16 3 0
myapp/config/postgres.go:17.16,19.3 1 0
myapp/config/postgres.go:22.2,23.16 2 0
myapp/config/postgres.go:23.16,25.3 1 0
myapp/config/postgres.go:27.2,27.12 1 0
myapp/config/postgres.go:31.41,37.16 4 0
myapp/config/postgres.go:37.16,39.3 1 0
myapp/config/postgres.go:41.2,41.16 1 0
myapp/config/postgres.go:45.26,46.15 1 0
myapp/config/postgres.go:46.15,48.3 1 0
myapp/config/postgres.go:52.29,54.2 1 0
myapp/handler/handler.go:11.11,15.2 1 1
myapp/handler/userHandler/userHandler.go:18.58,22.2 1 1
myapp/handler/userHandler/userHandler.go:24.59,28.57 3 1
myapp/handler/userHandler/userHandler.go:28.57,32.3 3 0
myapp/handler/userHandler/userHandler.go:34.2,35.16 2 1
myapp/handler/userHandler/userHandler.go:35.16,38.3 2 0
myapp/handler/userHandler/userHandler.go:40.2,41.40 2 1
myapp/helpers/function.go:23.91,33.2 2 1
myapp/helpers/function.go:35.28,37.2 1 0
myapp/helpers/function.go:39.51,41.33 2 1
myapp/helpers/function.go:41.33,43.3 1 1
myapp/helpers/function.go:44.2,44.12 1 1
myapp/helpers/function.go:47.36,50.2 2 0
myapp/helpers/function.go:52.55,56.2 3 0
myapp/helpers/function.go:60.13,62.76 2 1
myapp/helpers/function.go:62.76,65.3 2 0
myapp/helpers/function.go:68.60,70.36 1 1
myapp/helpers/function.go:70.36,72.3 1 0
myapp/helpers/function.go:75.2,76.16 2 1
myapp/helpers/function.go:76.16,79.56 2 0
myapp/helpers/function.go:79.56,80.21 1 0
myapp/helpers/function.go:81.20,82.92 1 0
myapp/helpers/function.go:83.15,84.129 1 0
myapp/helpers/function.go:85.17,86.110 1 0
myapp/helpers/function.go:87.19,88.102 1 0
myapp/helpers/function.go:89.20,90.101 1 0
myapp/helpers/function.go:91.15,92.129 1 0
myapp/helpers/function.go:93.12,94.123 1 0
myapp/helpers/function.go:98.3,98.78 1 0
myapp/helpers/function.go:100.2,100.12 1 1
myapp/helpers/function.go:103.61,104.29 1 0
myapp/helpers/function.go:104.29,105.18 1 0
myapp/helpers/function.go:105.18,107.4 1 0
myapp/helpers/function.go:109.2,109.14 1 0
myapp/helpers/function.go:112.73,114.9 2 0
myapp/helpers/function.go:114.9,116.3 1 0
myapp/helpers/function.go:118.2,118.25 1 0
myapp/helpers/function.go:121.51,128.20 4 0
myapp/helpers/function.go:128.20,132.3 3 0
myapp/helpers/function.go:134.2,134.35 1 0
myapp/helpers/function.go:134.35,136.3 1 0
myapp/helpers/function.go:138.2,142.16 2 0
myapp/helpers/function.go:142.16,146.3 2 0
myapp/helpers/function.go:148.2,157.16 7 0
myapp/helpers/function.go:157.16,160.3 2 0
myapp/helpers/function.go:161.2,163.18 2 0
myapp/helpers/function.go:166.64,172.2 3 0
myapp/repository/repository.go:11.43,15.2 1 1
myapp/repository/userRepository/userRepository.go:14.67,18.2 1 1
myapp/repository/userRepository/userRepository.go:20.75,32.16 6 1
myapp/repository/userRepository/userRepository.go:32.16,35.3 2 0
myapp/repository/userRepository/userRepository.go:36.2,36.18 1 1
myapp/routes/api.go:10.55,17.2 4 1
myapp/service/service.go:11.11,15.2 1 1
myapp/service/userService/userService.go:13.58,17.2 1 1
myapp/service/userService/userService.go:19.84,21.16 2 1
myapp/service/userService/userService.go:21.16,24.3 2 0
myapp/service/userService/userService.go:25.2,25.20 1 1
myapp/test/setupTest.go:22.35,27.16 3 1
myapp/test/setupTest.go:27.16,29.3 1 0
myapp/test/setupTest.go:32.2,32.38 1 1
myapp/test/setupTest.go:32.38,34.3 1 0
myapp/test/setupTest.go:36.2,36.48 1 1
myapp/test/setupTest.go:36.48,38.3 1 0
myapp/test/setupTest.go:41.2,41.46 1 1
myapp/test/setupTest.go:41.46,43.3 1 0
myapp/test/setupTest.go:45.2,45.12 1 1
myapp/test/setupTest.go:49.38,52.53 2 1
myapp/test/setupTest.go:52.53,54.3 1 0
myapp/test/setupTest.go:55.2,55.51 1 1
myapp/test/setupTest.go:55.51,57.3 1 0
myapp/test/setupTest.go:59.2,59.12 1 1
myapp/test/setupTest.go:62.40,64.16 2 1
myapp/test/setupTest.go:64.16,66.3 1 0
myapp/test/setupTest.go:68.2,69.16 2 1
myapp/test/setupTest.go:69.16,71.3 1 0
myapp/test/setupTest.go:73.2,73.12 1 1
myapp/test/setupTest.go:77.26,79.2 1 1
myapp/test/setupTest.go:82.39,88.2 5 1
myapp/test/setupTest.go:90.45,91.47 1 1
myapp/test/setupTest.go:91.47,93.3 1 0
myapp/test/setupTest.go:95.2,97.11 2 1
