mode: set
myapp/handler/handler.go:11.11,15.2 1 1
myapp/handler/userHandler/userHandler.go:18.58,22.2 1 1
myapp/handler/userHandler/userHandler.go:24.59,28.57 3 1
myapp/handler/userHandler/userHandler.go:28.57,32.3 3 1
myapp/handler/userHandler/userHandler.go:34.2,35.16 2 1
myapp/handler/userHandler/userHandler.go:35.16,38.3 2 1
myapp/handler/userHandler/userHandler.go:40.2,41.40 2 1
myapp/handler/userHandler/userHandler.go:44.55,48.57 3 1
myapp/handler/userHandler/userHandler.go:48.57,52.3 3 1
myapp/handler/userHandler/userHandler.go:53.2,54.16 2 1
myapp/handler/userHandler/userHandler.go:54.16,57.3 2 1
myapp/handler/userHandler/userHandler.go:58.2,59.45 2 1
myapp/handler/userHandler/userHandler.go:62.57,66.57 3 1
myapp/handler/userHandler/userHandler.go:66.57,70.3 3 1
myapp/handler/userHandler/userHandler.go:72.2,73.16 2 1
myapp/handler/userHandler/userHandler.go:73.16,76.3 2 1
myapp/handler/userHandler/userHandler.go:78.2,79.40 2 1
myapp/repository/repository.go:11.43,15.2 1 1
myapp/repository/userRepository/userRepository.go:14.67,18.2 1 1
myapp/repository/userRepository/userRepository.go:20.75,32.16 6 1
myapp/repository/userRepository/userRepository.go:32.16,35.3 2 1
myapp/repository/userRepository/userRepository.go:36.2,36.18 1 1
myapp/repository/userRepository/userRepository.go:39.72,48.16 5 1
myapp/repository/userRepository/userRepository.go:48.16,51.3 2 1
myapp/repository/userRepository/userRepository.go:53.2,53.16 1 1
myapp/repository/userRepository/userRepository.go:56.65,61.16 5 1
myapp/repository/userRepository/userRepository.go:61.16,64.3 2 0
myapp/repository/userRepository/userRepository.go:66.2,66.20 1 1
myapp/service/service.go:16.11,21.2 1 1
myapp/service/userService/userService.go:14.58,18.2 1 1
myapp/service/userService/userService.go:20.84,22.16 2 1
myapp/service/userService/userService.go:22.16,25.3 2 1
myapp/service/userService/userService.go:26.2,26.20 1 1
myapp/service/userService/userService.go:29.78,32.16 2 1
myapp/service/userService/userService.go:32.16,35.3 2 0
myapp/service/userService/userService.go:37.2,47.16 3 1
myapp/service/userService/userService.go:47.16,50.3 2 1
myapp/service/userService/userService.go:52.2,52.20 1 1
myapp/service/userService/userService.go:55.70,57.16 2 1
myapp/service/userService/userService.go:57.16,60.3 2 1
myapp/service/userService/userService.go:62.2,63.16 2 1
myapp/service/userService/userService.go:63.16,66.3 2 0
myapp/service/userService/userService.go:68.2,68.20 1 1
